[2.850s] Invoking command in '/mnt/c/Users/kamsa/ros2_ws/src/my_py_pkg': PYTHONPATH=/mnt/c/Users/kamsa/ros2_ws/build/my_py_pkg/prefix_override:/usr/lib/python3/dist-packages/colcon_core/task/python/colcon_distutils_commands:/mnt/c/Users/kamsa/ros2_ws/install/my_py_pkg/lib/python3.10/site-packages:${PYTHONPATH} /usr/bin/python3 -W ignore:setup.py install is deprecated setup.py egg_info --egg-base ../../build/my_py_pkg build --build-base /mnt/c/Users/kamsa/ros2_ws/build/my_py_pkg/build install --record /mnt/c/Users/kamsa/ros2_ws/build/my_py_pkg/install.log --single-version-externally-managed install_data
[4.551s] running egg_info
[4.562s] writing ../../build/my_py_pkg/my_py_pkg.egg-info/PKG-INFO
[4.574s] writing dependency_links to ../../build/my_py_pkg/my_py_pkg.egg-info/dependency_links.txt
[4.584s] writing entry points to ../../build/my_py_pkg/my_py_pkg.egg-info/entry_points.txt
[4.594s] writing requirements to ../../build/my_py_pkg/my_py_pkg.egg-info/requires.txt
[4.600s] writing top-level names to ../../build/my_py_pkg/my_py_pkg.egg-info/top_level.txt
[4.667s] reading manifest file '../../build/my_py_pkg/my_py_pkg.egg-info/SOURCES.txt'
[4.797s] writing manifest file '../../build/my_py_pkg/my_py_pkg.egg-info/SOURCES.txt'
[4.805s] running build
[4.807s] running build_py
[4.847s] running install
[4.849s] running install_lib
[4.988s] running install_data
[5.061s] running install_egg_info
[5.090s] removing '/mnt/c/Users/kamsa/ros2_ws/install/my_py_pkg/lib/python3.10/site-packages/my_py_pkg-0.0.0-py3.10.egg-info' (and everything under it)
[5.242s] Copying ../../build/my_py_pkg/my_py_pkg.egg-info to /mnt/c/Users/kamsa/ros2_ws/install/my_py_pkg/lib/python3.10/site-packages/my_py_pkg-0.0.0-py3.10.egg-info
[5.829s] running install_scripts
[5.982s] writing list of installed files to '/mnt/c/Users/kamsa/ros2_ws/build/my_py_pkg/install.log'
[6.024s] Invoked command in '/mnt/c/Users/kamsa/ros2_ws/src/my_py_pkg' returned '0': PYTHONPATH=/mnt/c/Users/kamsa/ros2_ws/build/my_py_pkg/prefix_override:/usr/lib/python3/dist-packages/colcon_core/task/python/colcon_distutils_commands:/mnt/c/Users/kamsa/ros2_ws/install/my_py_pkg/lib/python3.10/site-packages:${PYTHONPATH} /usr/bin/python3 -W ignore:setup.py install is deprecated setup.py egg_info --egg-base ../../build/my_py_pkg build --build-base /mnt/c/Users/kamsa/ros2_ws/build/my_py_pkg/build install --record /mnt/c/Users/kamsa/ros2_ws/build/my_py_pkg/install.log --single-version-externally-managed install_data
