[0.624s] DEBUG:colcon:Command line arguments: ['/usr/bin/colcon', 'build']
[0.625s] DEBUG:colcon:Parsed command line arguments: Namespace(log_base=None, log_level=None, verb_name='build', build_base='build', install_base='install', merge_install=False, symlink_install=False, test_result_base=None, continue_on_error=False, executor='parallel', parallel_workers=8, event_handlers=None, ignore_user_meta=False, metas=['./colcon.meta'], base_paths=['.'], packages_ignore=None, packages_ignore_regex=None, paths=None, packages_up_to=None, packages_up_to_regex=None, packages_above=None, packages_above_and_dependencies=None, packages_above_depth=None, packages_select_by_dep=None, packages_skip_by_dep=None, packages_skip_up_to=None, packages_select_build_failed=False, packages_skip_build_finished=False, packages_select_test_failures=False, packages_skip_test_passed=False, packages_select=None, packages_skip=None, packages_select_regex=None, packages_skip_regex=None, packages_start=None, packages_end=None, allow_overriding=[], cmake_args=None, cmake_target=None, cmake_target_skip_unavailable=False, cmake_clean_cache=False, cmake_clean_first=False, cmake_force_configure=False, ament_cmake_args=None, catkin_cmake_args=None, catkin_skip_building_tests=False, mixin_files=None, mixin=None, verb_parser=<colcon_mixin.mixin.mixin_argument.MixinArgumentDecorator object at 0x7f7bc3109ae0>, verb_extension=<colcon_core.verb.build.BuildVerb object at 0x7f7bc3206260>, main=<bound method BuildVerb.main of <colcon_core.verb.build.BuildVerb object at 0x7f7bc3206260>>, mixin_verb=('build',))
[0.840s] Level 1:colcon.colcon_core.package_discovery:discover_packages(colcon_meta) check parameters
[0.842s] Level 1:colcon.colcon_core.package_discovery:discover_packages(recursive) check parameters
[0.842s] Level 1:colcon.colcon_core.package_discovery:discover_packages(ignore) check parameters
[0.843s] Level 1:colcon.colcon_core.package_discovery:discover_packages(path) check parameters
[0.843s] Level 1:colcon.colcon_core.package_discovery:discover_packages(colcon_meta) discover
[0.844s] Level 1:colcon.colcon_core.package_discovery:discover_packages(recursive) discover
[0.844s] INFO:colcon.colcon_core.package_discovery:Crawling recursively for packages in '/mnt/c/Users/kamsa/ros2_ws'
[0.850s] Level 1:colcon.colcon_core.package_identification:_identify(.) by extensions ['ignore', 'ignore_ament_install']
[0.851s] Level 1:colcon.colcon_core.package_identification:_identify(.) by extension 'ignore'
[0.852s] Level 1:colcon.colcon_core.package_identification:_identify(.) by extension 'ignore_ament_install'
[0.855s] Level 1:colcon.colcon_core.package_identification:_identify(.) by extensions ['colcon_pkg']
[0.855s] Level 1:colcon.colcon_core.package_identification:_identify(.) by extension 'colcon_pkg'
[0.857s] Level 1:colcon.colcon_core.package_identification:_identify(.) by extensions ['colcon_meta']
[0.857s] Level 1:colcon.colcon_core.package_identification:_identify(.) by extension 'colcon_meta'
[0.858s] Level 1:colcon.colcon_core.package_identification:_identify(.) by extensions ['ros']
[0.859s] Level 1:colcon.colcon_core.package_identification:_identify(.) by extension 'ros'
[0.887s] Level 1:colcon.colcon_core.package_identification:_identify(.) by extensions ['cmake', 'python']
[0.889s] Level 1:colcon.colcon_core.package_identification:_identify(.) by extension 'cmake'
[0.890s] Level 1:colcon.colcon_core.package_identification:_identify(.) by extension 'python'
[0.891s] Level 1:colcon.colcon_core.package_identification:_identify(.) by extensions ['python_setup_py']
[0.892s] Level 1:colcon.colcon_core.package_identification:_identify(.) by extension 'python_setup_py'
[0.904s] Level 1:colcon.colcon_core.package_identification:_identify(build) by extensions ['ignore', 'ignore_ament_install']
[0.905s] Level 1:colcon.colcon_core.package_identification:_identify(build) by extension 'ignore'
[0.909s] Level 1:colcon.colcon_core.package_identification:_identify(build) ignored
[0.916s] Level 1:colcon.colcon_core.package_identification:_identify(install) by extensions ['ignore', 'ignore_ament_install']
[0.917s] Level 1:colcon.colcon_core.package_identification:_identify(install) by extension 'ignore'
[0.921s] Level 1:colcon.colcon_core.package_identification:_identify(install) ignored
[0.929s] Level 1:colcon.colcon_core.package_identification:_identify(log) by extensions ['ignore', 'ignore_ament_install']
[0.930s] Level 1:colcon.colcon_core.package_identification:_identify(log) by extension 'ignore'
[0.932s] Level 1:colcon.colcon_core.package_identification:_identify(log) ignored
[0.936s] Level 1:colcon.colcon_core.package_identification:_identify(src) by extensions ['ignore', 'ignore_ament_install']
[0.936s] Level 1:colcon.colcon_core.package_identification:_identify(src) by extension 'ignore'
[0.937s] Level 1:colcon.colcon_core.package_identification:_identify(src) by extension 'ignore_ament_install'
[0.939s] Level 1:colcon.colcon_core.package_identification:_identify(src) by extensions ['colcon_pkg']
[0.940s] Level 1:colcon.colcon_core.package_identification:_identify(src) by extension 'colcon_pkg'
[0.941s] Level 1:colcon.colcon_core.package_identification:_identify(src) by extensions ['colcon_meta']
[0.941s] Level 1:colcon.colcon_core.package_identification:_identify(src) by extension 'colcon_meta'
[0.944s] Level 1:colcon.colcon_core.package_identification:_identify(src) by extensions ['ros']
[0.944s] Level 1:colcon.colcon_core.package_identification:_identify(src) by extension 'ros'
[0.950s] Level 1:colcon.colcon_core.package_identification:_identify(src) by extensions ['cmake', 'python']
[0.950s] Level 1:colcon.colcon_core.package_identification:_identify(src) by extension 'cmake'
[0.951s] Level 1:colcon.colcon_core.package_identification:_identify(src) by extension 'python'
[0.952s] Level 1:colcon.colcon_core.package_identification:_identify(src) by extensions ['python_setup_py']
[0.953s] Level 1:colcon.colcon_core.package_identification:_identify(src) by extension 'python_setup_py'
[0.960s] Level 1:colcon.colcon_core.package_identification:_identify(src/my_cpp_pkg) by extensions ['ignore', 'ignore_ament_install']
[0.961s] Level 1:colcon.colcon_core.package_identification:_identify(src/my_cpp_pkg) by extension 'ignore'
[0.963s] Level 1:colcon.colcon_core.package_identification:_identify(src/my_cpp_pkg) by extension 'ignore_ament_install'
[0.966s] Level 1:colcon.colcon_core.package_identification:_identify(src/my_cpp_pkg) by extensions ['colcon_pkg']
[0.967s] Level 1:colcon.colcon_core.package_identification:_identify(src/my_cpp_pkg) by extension 'colcon_pkg'
[0.969s] Level 1:colcon.colcon_core.package_identification:_identify(src/my_cpp_pkg) by extensions ['colcon_meta']
[0.969s] Level 1:colcon.colcon_core.package_identification:_identify(src/my_cpp_pkg) by extension 'colcon_meta'
[0.972s] Level 1:colcon.colcon_core.package_identification:_identify(src/my_cpp_pkg) by extensions ['ros']
[0.972s] Level 1:colcon.colcon_core.package_identification:_identify(src/my_cpp_pkg) by extension 'ros'
[0.998s] DEBUG:colcon.colcon_core.package_identification:Package 'src/my_cpp_pkg' with type 'ros.ament_cmake' and name 'my_cpp_pkg'
[1.005s] Level 1:colcon.colcon_core.package_identification:_identify(src/my_py_pkg) by extensions ['ignore', 'ignore_ament_install']
[1.005s] Level 1:colcon.colcon_core.package_identification:_identify(src/my_py_pkg) by extension 'ignore'
[1.007s] Level 1:colcon.colcon_core.package_identification:_identify(src/my_py_pkg) by extension 'ignore_ament_install'
[1.011s] Level 1:colcon.colcon_core.package_identification:_identify(src/my_py_pkg) by extensions ['colcon_pkg']
[1.011s] Level 1:colcon.colcon_core.package_identification:_identify(src/my_py_pkg) by extension 'colcon_pkg'
[1.013s] Level 1:colcon.colcon_core.package_identification:_identify(src/my_py_pkg) by extensions ['colcon_meta']
[1.013s] Level 1:colcon.colcon_core.package_identification:_identify(src/my_py_pkg) by extension 'colcon_meta'
[1.016s] Level 1:colcon.colcon_core.package_identification:_identify(src/my_py_pkg) by extensions ['ros']
[1.016s] Level 1:colcon.colcon_core.package_identification:_identify(src/my_py_pkg) by extension 'ros'
[1.039s] DEBUG:colcon.colcon_core.package_identification:Package 'src/my_py_pkg' with type 'ros.ament_python' and name 'my_py_pkg'
[1.039s] Level 1:colcon.colcon_core.package_discovery:discover_packages(recursive) using defaults
[1.040s] Level 1:colcon.colcon_core.package_discovery:discover_packages(ignore) discover
[1.040s] Level 1:colcon.colcon_core.package_discovery:discover_packages(ignore) using defaults
[1.040s] Level 1:colcon.colcon_core.package_discovery:discover_packages(path) discover
[1.041s] Level 1:colcon.colcon_core.package_discovery:discover_packages(path) using defaults
[1.116s] Level 1:colcon.colcon_core.package_discovery:discover_packages(prefix_path) check parameters
[1.117s] Level 1:colcon.colcon_core.package_discovery:discover_packages(prefix_path) discover
[1.222s] DEBUG:colcon.colcon_installed_package_information.package_discovery:Found 1 installed packages in /mnt/c/Users/kamsa/ros2_ws/install
[1.223s] DEBUG:colcon.colcon_installed_package_information.package_discovery:Found 270 installed packages in /opt/ros/humble
[1.225s] Level 1:colcon.colcon_core.package_discovery:discover_packages(prefix_path) using defaults
[1.306s] Level 5:colcon.colcon_core.verb:set package 'my_cpp_pkg' build argument 'cmake_args' from command line to 'None'
[1.306s] Level 5:colcon.colcon_core.verb:set package 'my_cpp_pkg' build argument 'cmake_target' from command line to 'None'
[1.307s] Level 5:colcon.colcon_core.verb:set package 'my_cpp_pkg' build argument 'cmake_target_skip_unavailable' from command line to 'False'
[1.307s] Level 5:colcon.colcon_core.verb:set package 'my_cpp_pkg' build argument 'cmake_clean_cache' from command line to 'False'
[1.308s] Level 5:colcon.colcon_core.verb:set package 'my_cpp_pkg' build argument 'cmake_clean_first' from command line to 'False'
[1.308s] Level 5:colcon.colcon_core.verb:set package 'my_cpp_pkg' build argument 'cmake_force_configure' from command line to 'False'
[1.308s] Level 5:colcon.colcon_core.verb:set package 'my_cpp_pkg' build argument 'ament_cmake_args' from command line to 'None'
[1.309s] Level 5:colcon.colcon_core.verb:set package 'my_cpp_pkg' build argument 'catkin_cmake_args' from command line to 'None'
[1.309s] Level 5:colcon.colcon_core.verb:set package 'my_cpp_pkg' build argument 'catkin_skip_building_tests' from command line to 'False'
[1.310s] DEBUG:colcon.colcon_core.verb:Building package 'my_cpp_pkg' with the following arguments: {'ament_cmake_args': None, 'build_base': '/mnt/c/Users/kamsa/ros2_ws/build/my_cpp_pkg', 'catkin_cmake_args': None, 'catkin_skip_building_tests': False, 'cmake_args': None, 'cmake_clean_cache': False, 'cmake_clean_first': False, 'cmake_force_configure': False, 'cmake_target': None, 'cmake_target_skip_unavailable': False, 'install_base': '/mnt/c/Users/kamsa/ros2_ws/install/my_cpp_pkg', 'merge_install': False, 'path': '/mnt/c/Users/kamsa/ros2_ws/src/my_cpp_pkg', 'symlink_install': False, 'test_result_base': None}
[1.311s] Level 5:colcon.colcon_core.verb:set package 'my_py_pkg' build argument 'cmake_args' from command line to 'None'
[1.312s] Level 5:colcon.colcon_core.verb:set package 'my_py_pkg' build argument 'cmake_target' from command line to 'None'
[1.312s] Level 5:colcon.colcon_core.verb:set package 'my_py_pkg' build argument 'cmake_target_skip_unavailable' from command line to 'False'
[1.313s] Level 5:colcon.colcon_core.verb:set package 'my_py_pkg' build argument 'cmake_clean_cache' from command line to 'False'
[1.314s] Level 5:colcon.colcon_core.verb:set package 'my_py_pkg' build argument 'cmake_clean_first' from command line to 'False'
[1.314s] Level 5:colcon.colcon_core.verb:set package 'my_py_pkg' build argument 'cmake_force_configure' from command line to 'False'
[1.315s] Level 5:colcon.colcon_core.verb:set package 'my_py_pkg' build argument 'ament_cmake_args' from command line to 'None'
[1.315s] Level 5:colcon.colcon_core.verb:set package 'my_py_pkg' build argument 'catkin_cmake_args' from command line to 'None'
[1.316s] Level 5:colcon.colcon_core.verb:set package 'my_py_pkg' build argument 'catkin_skip_building_tests' from command line to 'False'
[1.317s] DEBUG:colcon.colcon_core.verb:Building package 'my_py_pkg' with the following arguments: {'ament_cmake_args': None, 'build_base': '/mnt/c/Users/kamsa/ros2_ws/build/my_py_pkg', 'catkin_cmake_args': None, 'catkin_skip_building_tests': False, 'cmake_args': None, 'cmake_clean_cache': False, 'cmake_clean_first': False, 'cmake_force_configure': False, 'cmake_target': None, 'cmake_target_skip_unavailable': False, 'install_base': '/mnt/c/Users/kamsa/ros2_ws/install/my_py_pkg', 'merge_install': False, 'path': '/mnt/c/Users/kamsa/ros2_ws/src/my_py_pkg', 'symlink_install': False, 'test_result_base': None}
[1.318s] INFO:colcon.colcon_core.executor:Executing jobs using 'parallel' executor
[1.320s] DEBUG:colcon.colcon_parallel_executor.executor.parallel:run_until_complete
[1.321s] INFO:colcon.colcon_ros.task.ament_cmake.build:Building ROS package in '/mnt/c/Users/kamsa/ros2_ws/src/my_cpp_pkg' with build type 'ament_cmake'
[1.322s] INFO:colcon.colcon_cmake.task.cmake.build:Building CMake package in '/mnt/c/Users/kamsa/ros2_ws/src/my_cpp_pkg'
[1.328s] INFO:colcon.colcon_core.plugin_system:Skipping extension 'colcon_core.shell.bat': Not used on non-Windows systems
[1.329s] INFO:colcon.colcon_core.shell:Skip shell extension 'powershell' for command environment: Not usable outside of PowerShell
[1.329s] DEBUG:colcon.colcon_core.shell:Skip shell extension 'dsv' for command environment
[1.413s] INFO:colcon.colcon_ros.task.ament_python.build:Building ROS package in '/mnt/c/Users/kamsa/ros2_ws/src/my_py_pkg' with build type 'ament_python'
[1.413s] Level 1:colcon.colcon_core.shell:create_environment_hook('my_py_pkg', 'ament_prefix_path')
[1.414s] INFO:colcon.colcon_core.shell:Creating environment hook '/mnt/c/Users/kamsa/ros2_ws/install/my_py_pkg/share/my_py_pkg/hook/ament_prefix_path.ps1'
[1.459s] INFO:colcon.colcon_core.shell:Creating environment descriptor '/mnt/c/Users/kamsa/ros2_ws/install/my_py_pkg/share/my_py_pkg/hook/ament_prefix_path.dsv'
[1.496s] INFO:colcon.colcon_core.shell:Creating environment hook '/mnt/c/Users/kamsa/ros2_ws/install/my_py_pkg/share/my_py_pkg/hook/ament_prefix_path.sh'
[1.521s] INFO:colcon.colcon_core.shell:Skip shell extension 'powershell' for command environment: Not usable outside of PowerShell
[1.522s] DEBUG:colcon.colcon_core.shell:Skip shell extension 'dsv' for command environment
[1.647s] DEBUG:colcon.colcon_core.event_handler.log_command:Invoking command in '/mnt/c/Users/kamsa/ros2_ws/build/my_cpp_pkg': CMAKE_PREFIX_PATH=/opt/ros/humble /usr/bin/cmake /mnt/c/Users/kamsa/ros2_ws/src/my_cpp_pkg -DCMAKE_INSTALL_PREFIX=/mnt/c/Users/kamsa/ros2_ws/install/my_cpp_pkg
[2.142s] INFO:colcon.colcon_core.task.python.build:Building Python package in '/mnt/c/Users/kamsa/ros2_ws/src/my_py_pkg'
[2.143s] INFO:colcon.colcon_core.shell:Skip shell extension 'powershell' for command environment: Not usable outside of PowerShell
[2.143s] DEBUG:colcon.colcon_core.shell:Skip shell extension 'dsv' for command environment
[6.690s] DEBUG:colcon.colcon_core.event_handler.log_command:Invoking command in '/mnt/c/Users/kamsa/ros2_ws/src/my_py_pkg': PYTHONPATH=/mnt/c/Users/kamsa/ros2_ws/build/my_py_pkg/prefix_override:/usr/lib/python3/dist-packages/colcon_core/task/python/colcon_distutils_commands:/mnt/c/Users/kamsa/ros2_ws/install/my_py_pkg/lib/python3.10/site-packages:${PYTHONPATH} /usr/bin/python3 -W ignore:setup.py install is deprecated setup.py egg_info --egg-base ../../build/my_py_pkg build --build-base /mnt/c/Users/kamsa/ros2_ws/build/my_py_pkg/build install --record /mnt/c/Users/kamsa/ros2_ws/build/my_py_pkg/install.log --single-version-externally-managed install_data
[9.862s] Level 1:colcon.colcon_core.environment:checking '/mnt/c/Users/kamsa/ros2_ws/install/my_py_pkg' for CMake module files
[9.864s] DEBUG:colcon.colcon_core.event_handler.log_command:Invoked command in '/mnt/c/Users/kamsa/ros2_ws/src/my_py_pkg' returned '0': PYTHONPATH=/mnt/c/Users/kamsa/ros2_ws/build/my_py_pkg/prefix_override:/usr/lib/python3/dist-packages/colcon_core/task/python/colcon_distutils_commands:/mnt/c/Users/kamsa/ros2_ws/install/my_py_pkg/lib/python3.10/site-packages:${PYTHONPATH} /usr/bin/python3 -W ignore:setup.py install is deprecated setup.py egg_info --egg-base ../../build/my_py_pkg build --build-base /mnt/c/Users/kamsa/ros2_ws/build/my_py_pkg/build install --record /mnt/c/Users/kamsa/ros2_ws/build/my_py_pkg/install.log --single-version-externally-managed install_data
[9.978s] Level 1:colcon.colcon_core.environment:checking '/mnt/c/Users/kamsa/ros2_ws/install/my_py_pkg' for CMake config files
[10.188s] Level 1:colcon.colcon_core.environment:checking '/mnt/c/Users/kamsa/ros2_ws/install/my_py_pkg/lib'
[10.198s] Level 1:colcon.colcon_core.environment:checking '/mnt/c/Users/kamsa/ros2_ws/install/my_py_pkg/bin'
[10.201s] Level 1:colcon.colcon_core.environment:checking '/mnt/c/Users/kamsa/ros2_ws/install/my_py_pkg/lib/pkgconfig/my_py_pkg.pc'
[10.206s] Level 1:colcon.colcon_core.environment:checking '/mnt/c/Users/kamsa/ros2_ws/install/my_py_pkg/lib/python3.10/site-packages'
[10.210s] Level 1:colcon.colcon_core.shell:create_environment_hook('my_py_pkg', 'pythonpath')
[10.211s] INFO:colcon.colcon_core.shell:Creating environment hook '/mnt/c/Users/kamsa/ros2_ws/install/my_py_pkg/share/my_py_pkg/hook/pythonpath.ps1'
[10.246s] INFO:colcon.colcon_core.shell:Creating environment descriptor '/mnt/c/Users/kamsa/ros2_ws/install/my_py_pkg/share/my_py_pkg/hook/pythonpath.dsv'
[10.283s] INFO:colcon.colcon_core.shell:Creating environment hook '/mnt/c/Users/kamsa/ros2_ws/install/my_py_pkg/share/my_py_pkg/hook/pythonpath.sh'
[10.321s] Level 1:colcon.colcon_core.environment:checking '/mnt/c/Users/kamsa/ros2_ws/install/my_py_pkg/bin'
[10.324s] Level 1:colcon.colcon_core.environment:create_environment_scripts_only(my_py_pkg)
[10.325s] INFO:colcon.colcon_core.shell:Creating package script '/mnt/c/Users/kamsa/ros2_ws/install/my_py_pkg/share/my_py_pkg/package.ps1'
[10.354s] INFO:colcon.colcon_core.shell:Creating package descriptor '/mnt/c/Users/kamsa/ros2_ws/install/my_py_pkg/share/my_py_pkg/package.dsv'
[10.383s] INFO:colcon.colcon_core.shell:Creating package script '/mnt/c/Users/kamsa/ros2_ws/install/my_py_pkg/share/my_py_pkg/package.sh'
[10.414s] INFO:colcon.colcon_core.shell:Creating package script '/mnt/c/Users/kamsa/ros2_ws/install/my_py_pkg/share/my_py_pkg/package.bash'
[10.443s] INFO:colcon.colcon_core.shell:Creating package script '/mnt/c/Users/kamsa/ros2_ws/install/my_py_pkg/share/my_py_pkg/package.zsh'
[10.473s] Level 1:colcon.colcon_core.environment:create_file_with_runtime_dependencies(/mnt/c/Users/kamsa/ros2_ws/install/my_py_pkg/share/colcon-core/packages/my_py_pkg)
[48.220s] DEBUG:colcon.colcon_core.event_handler.log_command:Invoked command in '/mnt/c/Users/kamsa/ros2_ws/build/my_cpp_pkg' returned '0': CMAKE_PREFIX_PATH=/opt/ros/humble /usr/bin/cmake /mnt/c/Users/kamsa/ros2_ws/src/my_cpp_pkg -DCMAKE_INSTALL_PREFIX=/mnt/c/Users/kamsa/ros2_ws/install/my_cpp_pkg
[48.261s] DEBUG:colcon.colcon_core.event_handler.log_command:Invoking command in '/mnt/c/Users/kamsa/ros2_ws/build/my_cpp_pkg': CMAKE_PREFIX_PATH=/opt/ros/humble /usr/bin/cmake --build /mnt/c/Users/kamsa/ros2_ws/build/my_cpp_pkg -- -j8 -l8
[48.548s] DEBUG:colcon.colcon_core.event_handler.log_command:Invoked command in '/mnt/c/Users/kamsa/ros2_ws/build/my_cpp_pkg' returned '0': CMAKE_PREFIX_PATH=/opt/ros/humble /usr/bin/cmake --build /mnt/c/Users/kamsa/ros2_ws/build/my_cpp_pkg -- -j8 -l8
[48.667s] DEBUG:colcon.colcon_core.event_handler.log_command:Invoking command in '/mnt/c/Users/kamsa/ros2_ws/build/my_cpp_pkg': CMAKE_PREFIX_PATH=/opt/ros/humble /usr/bin/cmake --install /mnt/c/Users/kamsa/ros2_ws/build/my_cpp_pkg
[52.034s] Level 1:colcon.colcon_core.environment:create_environment_scripts_only(my_cpp_pkg)
[52.035s] Level 1:colcon.colcon_core.environment:checking '/mnt/c/Users/kamsa/ros2_ws/install/my_cpp_pkg' for CMake module files
[52.036s] DEBUG:colcon.colcon_core.event_handler.log_command:Invoked command in '/mnt/c/Users/kamsa/ros2_ws/build/my_cpp_pkg' returned '0': CMAKE_PREFIX_PATH=/opt/ros/humble /usr/bin/cmake --install /mnt/c/Users/kamsa/ros2_ws/build/my_cpp_pkg
[52.208s] Level 1:colcon.colcon_core.environment:checking '/mnt/c/Users/kamsa/ros2_ws/install/my_cpp_pkg' for CMake config files
[52.328s] Level 1:colcon.colcon_core.shell:create_environment_hook('my_cpp_pkg', 'cmake_prefix_path')
[52.329s] INFO:colcon.colcon_core.shell:Creating environment hook '/mnt/c/Users/kamsa/ros2_ws/install/my_cpp_pkg/share/my_cpp_pkg/hook/cmake_prefix_path.ps1'
[52.371s] INFO:colcon.colcon_core.shell:Creating environment descriptor '/mnt/c/Users/kamsa/ros2_ws/install/my_cpp_pkg/share/my_cpp_pkg/hook/cmake_prefix_path.dsv'
[52.412s] INFO:colcon.colcon_core.shell:Creating environment hook '/mnt/c/Users/kamsa/ros2_ws/install/my_cpp_pkg/share/my_cpp_pkg/hook/cmake_prefix_path.sh'
[52.453s] Level 1:colcon.colcon_core.environment:checking '/mnt/c/Users/kamsa/ros2_ws/install/my_cpp_pkg/bin'
[52.457s] Level 1:colcon.colcon_core.environment:checking '/mnt/c/Users/kamsa/ros2_ws/install/my_cpp_pkg/lib/pkgconfig/my_cpp_pkg.pc'
[52.460s] Level 1:colcon.colcon_core.environment:checking '/mnt/c/Users/kamsa/ros2_ws/install/my_cpp_pkg/lib/python3.10/site-packages'
[52.463s] Level 1:colcon.colcon_core.environment:checking '/mnt/c/Users/kamsa/ros2_ws/install/my_cpp_pkg/bin'
[52.466s] INFO:colcon.colcon_core.shell:Creating package script '/mnt/c/Users/kamsa/ros2_ws/install/my_cpp_pkg/share/my_cpp_pkg/package.ps1'
[52.492s] INFO:colcon.colcon_core.shell:Creating package descriptor '/mnt/c/Users/kamsa/ros2_ws/install/my_cpp_pkg/share/my_cpp_pkg/package.dsv'
[52.520s] INFO:colcon.colcon_core.shell:Creating package script '/mnt/c/Users/kamsa/ros2_ws/install/my_cpp_pkg/share/my_cpp_pkg/package.sh'
[52.548s] INFO:colcon.colcon_core.shell:Creating package script '/mnt/c/Users/kamsa/ros2_ws/install/my_cpp_pkg/share/my_cpp_pkg/package.bash'
[52.579s] INFO:colcon.colcon_core.shell:Creating package script '/mnt/c/Users/kamsa/ros2_ws/install/my_cpp_pkg/share/my_cpp_pkg/package.zsh'
[52.626s] Level 1:colcon.colcon_core.environment:create_file_with_runtime_dependencies(/mnt/c/Users/kamsa/ros2_ws/install/my_cpp_pkg/share/colcon-core/packages/my_cpp_pkg)
[52.741s] Level 1:colcon.colcon_core.environment:create_environment_scripts_only(my_cpp_pkg)
[52.742s] Level 1:colcon.colcon_core.environment:checking '/mnt/c/Users/kamsa/ros2_ws/install/my_cpp_pkg' for CMake module files
[52.984s] Level 1:colcon.colcon_core.environment:checking '/mnt/c/Users/kamsa/ros2_ws/install/my_cpp_pkg' for CMake config files
[53.173s] Level 1:colcon.colcon_core.shell:create_environment_hook('my_cpp_pkg', 'cmake_prefix_path')
[53.174s] INFO:colcon.colcon_core.shell:Creating environment hook '/mnt/c/Users/kamsa/ros2_ws/install/my_cpp_pkg/share/my_cpp_pkg/hook/cmake_prefix_path.ps1'
[53.219s] INFO:colcon.colcon_core.shell:Creating environment descriptor '/mnt/c/Users/kamsa/ros2_ws/install/my_cpp_pkg/share/my_cpp_pkg/hook/cmake_prefix_path.dsv'
[53.271s] INFO:colcon.colcon_core.shell:Creating environment hook '/mnt/c/Users/kamsa/ros2_ws/install/my_cpp_pkg/share/my_cpp_pkg/hook/cmake_prefix_path.sh'
[53.424s] Level 1:colcon.colcon_core.environment:checking '/mnt/c/Users/kamsa/ros2_ws/install/my_cpp_pkg/bin'
[53.431s] Level 1:colcon.colcon_core.environment:checking '/mnt/c/Users/kamsa/ros2_ws/install/my_cpp_pkg/lib/pkgconfig/my_cpp_pkg.pc'
[53.442s] Level 1:colcon.colcon_core.environment:checking '/mnt/c/Users/kamsa/ros2_ws/install/my_cpp_pkg/lib/python3.10/site-packages'
[53.446s] Level 1:colcon.colcon_core.environment:checking '/mnt/c/Users/kamsa/ros2_ws/install/my_cpp_pkg/bin'
[53.453s] INFO:colcon.colcon_core.shell:Creating package script '/mnt/c/Users/kamsa/ros2_ws/install/my_cpp_pkg/share/my_cpp_pkg/package.ps1'
[53.494s] INFO:colcon.colcon_core.shell:Creating package descriptor '/mnt/c/Users/kamsa/ros2_ws/install/my_cpp_pkg/share/my_cpp_pkg/package.dsv'
[53.535s] INFO:colcon.colcon_core.shell:Creating package script '/mnt/c/Users/kamsa/ros2_ws/install/my_cpp_pkg/share/my_cpp_pkg/package.sh'
[53.579s] INFO:colcon.colcon_core.shell:Creating package script '/mnt/c/Users/kamsa/ros2_ws/install/my_cpp_pkg/share/my_cpp_pkg/package.bash'
[53.625s] INFO:colcon.colcon_core.shell:Creating package script '/mnt/c/Users/kamsa/ros2_ws/install/my_cpp_pkg/share/my_cpp_pkg/package.zsh'
[53.663s] Level 1:colcon.colcon_core.environment:create_file_with_runtime_dependencies(/mnt/c/Users/kamsa/ros2_ws/install/my_cpp_pkg/share/colcon-core/packages/my_cpp_pkg)
[53.695s] DEBUG:colcon.colcon_parallel_executor.executor.parallel:closing loop
[53.696s] DEBUG:colcon.colcon_parallel_executor.executor.parallel:loop closed
[53.697s] DEBUG:colcon.colcon_parallel_executor.executor.parallel:run_until_complete finished with '0'
[53.699s] DEBUG:colcon.colcon_core.event_reactor:joining thread
[53.932s] INFO:colcon.colcon_core.plugin_system:Skipping extension 'colcon_notification.desktop_notification.notify_send': Could not find 'notify-send'
[53.933s] INFO:colcon.colcon_core.plugin_system:Skipping extension 'colcon_notification.desktop_notification.terminal_notifier': Not used on non-Darwin systems
[53.933s] INFO:colcon.colcon_core.plugin_system:Skipping extension 'colcon_notification.desktop_notification.win32': Not used on non-Windows systems
[53.934s] INFO:colcon.colcon_notification.desktop_notification:Sending desktop notification using 'notify2'
[53.937s] DEBUG:colcon.colcon_notification.desktop_notification.notify2:Failed to initialize notify2: org.freedesktop.DBus.Error.ServiceUnknown: The name org.freedesktop.Notifications was not provided by any .service files
[53.938s] DEBUG:colcon.colcon_core.event_reactor:joined thread
[53.939s] INFO:colcon.colcon_core.shell:Creating prefix script '/mnt/c/Users/kamsa/ros2_ws/install/local_setup.ps1'
[53.954s] INFO:colcon.colcon_core.shell:Creating prefix util module '/mnt/c/Users/kamsa/ros2_ws/install/_local_setup_util_ps1.py'
[53.969s] INFO:colcon.colcon_core.shell:Creating prefix chain script '/mnt/c/Users/kamsa/ros2_ws/install/setup.ps1'
[53.986s] INFO:colcon.colcon_core.shell:Creating prefix script '/mnt/c/Users/kamsa/ros2_ws/install/local_setup.sh'
[54.000s] INFO:colcon.colcon_core.shell:Creating prefix util module '/mnt/c/Users/kamsa/ros2_ws/install/_local_setup_util_sh.py'
[54.013s] INFO:colcon.colcon_core.shell:Creating prefix chain script '/mnt/c/Users/kamsa/ros2_ws/install/setup.sh'
[54.029s] INFO:colcon.colcon_core.shell:Creating prefix script '/mnt/c/Users/kamsa/ros2_ws/install/local_setup.bash'
[54.044s] INFO:colcon.colcon_core.shell:Creating prefix chain script '/mnt/c/Users/kamsa/ros2_ws/install/setup.bash'
[54.059s] INFO:colcon.colcon_core.shell:Creating prefix script '/mnt/c/Users/kamsa/ros2_ws/install/local_setup.zsh'
[54.074s] INFO:colcon.colcon_core.shell:Creating prefix chain script '/mnt/c/Users/kamsa/ros2_ws/install/setup.zsh'
