[0.193s] Invoking command in '/mnt/c/Users/kamsa/ros2_ws/build/my_cpp_pkg': CMAKE_PREFIX_PATH=/opt/ros/humble /usr/bin/cmake --build /mnt/c/Users/kamsa/ros2_ws/build/my_cpp_pkg -- -j8 -l8
[0.504s] -- Found ament_cmake: 1.3.10 (/opt/ros/humble/share/ament_cmake/cmake)
[0.804s] -- Found rclcpp: 16.0.10 (/opt/ros/humble/share/rclcpp/cmake)
[1.565s] -- Found rosidl_generator_c: 3.1.5 (/opt/ros/humble/share/rosidl_generator_c/cmake)
[1.572s] -- Found rosidl_adapter: 3.1.5 (/opt/ros/humble/share/rosidl_adapter/cmake)
[1.587s] -- Found rosidl_generator_cpp: 3.1.5 (/opt/ros/humble/share/rosidl_generator_cpp/cmake)
[1.625s] -- Using all available rosidl_typesupport_c: rosidl_typesupport_fastrtps_c;rosidl_typesupport_introspection_c
[1.656s] -- Using all available rosidl_typesupport_cpp: rosidl_typesupport_fastrtps_cpp;rosidl_typesupport_introspection_cpp
[1.747s] -- Found rmw_implementation_cmake: 6.1.2 (/opt/ros/humble/share/rmw_implementation_cmake/cmake)
[1.765s] -- Found rmw_fastrtps_cpp: 6.2.7 (/opt/ros/humble/share/rmw_fastrtps_cpp/cmake)
[24.523s] -- Using RMW implementation 'rmw_fastrtps_cpp' as default
[25.608s] -- Configuring done
[25.781s] [31mCMake Error at CMakeLists.txt:17 (add_executable):
[25.784s]   Cannot find source file:
[25.785s] 
[25.797s]     src/my_first_node.cpp
[25.799s] 
[25.802s]   Tried extensions .c .C .c++ .cc .cpp .cxx .cu .mpp .m .M .mm .ixx .cppm .h
[25.803s]   .hh .h++ .hm .hpp .hxx .in .txx .f .F .for .f77 .f90 .f95 .f03 .hip .ispc
[25.806s] 
[25.807s] [0m
[25.810s] [31mCMake Error at CMakeLists.txt:17 (add_executable):
[25.812s]   No SOURCES given to target: cpp_node
[25.814s] 
[25.816s] [0m
[25.817s] [0mCMake Generate step failed.  Build files cannot be regenerated correctly.[0m
[25.819s] gmake: *** [Makefile:226: cmake_check_build_system] Error 1
[25.820s] Invoked command in '/mnt/c/Users/kamsa/ros2_ws/build/my_cpp_pkg' returned '2': CMAKE_PREFIX_PATH=/opt/ros/humble /usr/bin/cmake --build /mnt/c/Users/kamsa/ros2_ws/build/my_cpp_pkg -- -j8 -l8
