[0.925s] DEBUG:colcon:Command line arguments: ['/usr/bin/colcon', 'build', '--packages-select', 'my_cpp_pkg']
[0.926s] DEBUG:colcon:Parsed command line arguments: Namespace(log_base=None, log_level=None, verb_name='build', build_base='build', install_base='install', merge_install=False, symlink_install=False, test_result_base=None, continue_on_error=False, executor='parallel', parallel_workers=8, event_handlers=None, ignore_user_meta=False, metas=['./colcon.meta'], base_paths=['.'], packages_ignore=None, packages_ignore_regex=None, paths=None, packages_up_to=None, packages_up_to_regex=None, packages_above=None, packages_above_and_dependencies=None, packages_above_depth=None, packages_select_by_dep=None, packages_skip_by_dep=None, packages_skip_up_to=None, packages_select_build_failed=False, packages_skip_build_finished=False, packages_select_test_failures=False, packages_skip_test_passed=False, packages_select=['my_cpp_pkg'], packages_skip=None, packages_select_regex=None, packages_skip_regex=None, packages_start=None, packages_end=None, allow_overriding=[], cmake_args=None, cmake_target=None, cmake_target_skip_unavailable=False, cmake_clean_cache=False, cmake_clean_first=False, cmake_force_configure=False, ament_cmake_args=None, catkin_cmake_args=None, catkin_skip_building_tests=False, mixin_files=None, mixin=None, verb_parser=<colcon_mixin.mixin.mixin_argument.MixinArgumentDecorator object at 0x7f70872d9ba0>, verb_extension=<colcon_core.verb.build.BuildVerb object at 0x7f70873de320>, main=<bound method BuildVerb.main of <colcon_core.verb.build.BuildVerb object at 0x7f70873de320>>, mixin_verb=('build',))
[1.433s] Level 1:colcon.colcon_core.package_discovery:discover_packages(colcon_meta) check parameters
[1.434s] Level 1:colcon.colcon_core.package_discovery:discover_packages(recursive) check parameters
[1.435s] Level 1:colcon.colcon_core.package_discovery:discover_packages(ignore) check parameters
[1.436s] Level 1:colcon.colcon_core.package_discovery:discover_packages(path) check parameters
[1.436s] Level 1:colcon.colcon_core.package_discovery:discover_packages(colcon_meta) discover
[1.437s] Level 1:colcon.colcon_core.package_discovery:discover_packages(recursive) discover
[1.437s] INFO:colcon.colcon_core.package_discovery:Crawling recursively for packages in '/mnt/c/Users/kamsa/ros2_ws'
[1.440s] Level 1:colcon.colcon_core.package_identification:_identify(.) by extensions ['ignore', 'ignore_ament_install']
[1.441s] Level 1:colcon.colcon_core.package_identification:_identify(.) by extension 'ignore'
[1.442s] Level 1:colcon.colcon_core.package_identification:_identify(.) by extension 'ignore_ament_install'
[1.443s] Level 1:colcon.colcon_core.package_identification:_identify(.) by extensions ['colcon_pkg']
[1.444s] Level 1:colcon.colcon_core.package_identification:_identify(.) by extension 'colcon_pkg'
[1.444s] Level 1:colcon.colcon_core.package_identification:_identify(.) by extensions ['colcon_meta']
[1.445s] Level 1:colcon.colcon_core.package_identification:_identify(.) by extension 'colcon_meta'
[1.445s] Level 1:colcon.colcon_core.package_identification:_identify(.) by extensions ['ros']
[1.445s] Level 1:colcon.colcon_core.package_identification:_identify(.) by extension 'ros'
[1.480s] Level 1:colcon.colcon_core.package_identification:_identify(.) by extensions ['cmake', 'python']
[1.481s] Level 1:colcon.colcon_core.package_identification:_identify(.) by extension 'cmake'
[1.483s] Level 1:colcon.colcon_core.package_identification:_identify(.) by extension 'python'
[1.484s] Level 1:colcon.colcon_core.package_identification:_identify(.) by extensions ['python_setup_py']
[1.485s] Level 1:colcon.colcon_core.package_identification:_identify(.) by extension 'python_setup_py'
[1.490s] Level 1:colcon.colcon_core.package_identification:_identify(build) by extensions ['ignore', 'ignore_ament_install']
[1.491s] Level 1:colcon.colcon_core.package_identification:_identify(build) by extension 'ignore'
[1.496s] Level 1:colcon.colcon_core.package_identification:_identify(build) ignored
[1.504s] Level 1:colcon.colcon_core.package_identification:_identify(install) by extensions ['ignore', 'ignore_ament_install']
[1.505s] Level 1:colcon.colcon_core.package_identification:_identify(install) by extension 'ignore'
[1.509s] Level 1:colcon.colcon_core.package_identification:_identify(install) ignored
[1.523s] Level 1:colcon.colcon_core.package_identification:_identify(log) by extensions ['ignore', 'ignore_ament_install']
[1.524s] Level 1:colcon.colcon_core.package_identification:_identify(log) by extension 'ignore'
[1.527s] Level 1:colcon.colcon_core.package_identification:_identify(log) ignored
[1.531s] Level 1:colcon.colcon_core.package_identification:_identify(src) by extensions ['ignore', 'ignore_ament_install']
[1.532s] Level 1:colcon.colcon_core.package_identification:_identify(src) by extension 'ignore'
[1.533s] Level 1:colcon.colcon_core.package_identification:_identify(src) by extension 'ignore_ament_install'
[1.535s] Level 1:colcon.colcon_core.package_identification:_identify(src) by extensions ['colcon_pkg']
[1.536s] Level 1:colcon.colcon_core.package_identification:_identify(src) by extension 'colcon_pkg'
[1.537s] Level 1:colcon.colcon_core.package_identification:_identify(src) by extensions ['colcon_meta']
[1.537s] Level 1:colcon.colcon_core.package_identification:_identify(src) by extension 'colcon_meta'
[1.539s] Level 1:colcon.colcon_core.package_identification:_identify(src) by extensions ['ros']
[1.540s] Level 1:colcon.colcon_core.package_identification:_identify(src) by extension 'ros'
[1.544s] Level 1:colcon.colcon_core.package_identification:_identify(src) by extensions ['cmake', 'python']
[1.544s] Level 1:colcon.colcon_core.package_identification:_identify(src) by extension 'cmake'
[1.545s] Level 1:colcon.colcon_core.package_identification:_identify(src) by extension 'python'
[1.546s] Level 1:colcon.colcon_core.package_identification:_identify(src) by extensions ['python_setup_py']
[1.547s] Level 1:colcon.colcon_core.package_identification:_identify(src) by extension 'python_setup_py'
[1.559s] Level 1:colcon.colcon_core.package_identification:_identify(src/my_cpp_pkg) by extensions ['ignore', 'ignore_ament_install']
[1.559s] Level 1:colcon.colcon_core.package_identification:_identify(src/my_cpp_pkg) by extension 'ignore'
[1.562s] Level 1:colcon.colcon_core.package_identification:_identify(src/my_cpp_pkg) by extension 'ignore_ament_install'
[1.568s] Level 1:colcon.colcon_core.package_identification:_identify(src/my_cpp_pkg) by extensions ['colcon_pkg']
[1.569s] Level 1:colcon.colcon_core.package_identification:_identify(src/my_cpp_pkg) by extension 'colcon_pkg'
[1.572s] Level 1:colcon.colcon_core.package_identification:_identify(src/my_cpp_pkg) by extensions ['colcon_meta']
[1.573s] Level 1:colcon.colcon_core.package_identification:_identify(src/my_cpp_pkg) by extension 'colcon_meta'
[1.578s] Level 1:colcon.colcon_core.package_identification:_identify(src/my_cpp_pkg) by extensions ['ros']
[1.579s] Level 1:colcon.colcon_core.package_identification:_identify(src/my_cpp_pkg) by extension 'ros'
[1.626s] DEBUG:colcon.colcon_core.package_identification:Package 'src/my_cpp_pkg' with type 'ros.ament_cmake' and name 'my_cpp_pkg'
[1.634s] Level 1:colcon.colcon_core.package_identification:_identify(src/my_py_pkg) by extensions ['ignore', 'ignore_ament_install']
[1.635s] Level 1:colcon.colcon_core.package_identification:_identify(src/my_py_pkg) by extension 'ignore'
[1.636s] Level 1:colcon.colcon_core.package_identification:_identify(src/my_py_pkg) by extension 'ignore_ament_install'
[1.638s] Level 1:colcon.colcon_core.package_identification:_identify(src/my_py_pkg) by extensions ['colcon_pkg']
[1.639s] Level 1:colcon.colcon_core.package_identification:_identify(src/my_py_pkg) by extension 'colcon_pkg'
[1.640s] Level 1:colcon.colcon_core.package_identification:_identify(src/my_py_pkg) by extensions ['colcon_meta']
[1.641s] Level 1:colcon.colcon_core.package_identification:_identify(src/my_py_pkg) by extension 'colcon_meta'
[1.643s] Level 1:colcon.colcon_core.package_identification:_identify(src/my_py_pkg) by extensions ['ros']
[1.643s] Level 1:colcon.colcon_core.package_identification:_identify(src/my_py_pkg) by extension 'ros'
[1.659s] DEBUG:colcon.colcon_core.package_identification:Package 'src/my_py_pkg' with type 'ros.ament_python' and name 'my_py_pkg'
[1.660s] Level 1:colcon.colcon_core.package_discovery:discover_packages(recursive) using defaults
[1.660s] Level 1:colcon.colcon_core.package_discovery:discover_packages(ignore) discover
[1.661s] Level 1:colcon.colcon_core.package_discovery:discover_packages(ignore) using defaults
[1.661s] Level 1:colcon.colcon_core.package_discovery:discover_packages(path) discover
[1.661s] Level 1:colcon.colcon_core.package_discovery:discover_packages(path) using defaults
[1.715s] INFO:colcon.colcon_core.package_selection:Skipping not selected package 'my_py_pkg' in 'src/my_py_pkg'
[1.717s] Level 1:colcon.colcon_core.package_discovery:discover_packages(prefix_path) check parameters
[1.717s] Level 1:colcon.colcon_core.package_discovery:discover_packages(prefix_path) discover
[1.726s] DEBUG:colcon.colcon_installed_package_information.package_discovery:Found 270 installed packages in /opt/ros/humble
[1.737s] Level 1:colcon.colcon_core.package_discovery:discover_packages(prefix_path) using defaults
[1.860s] Level 5:colcon.colcon_core.verb:set package 'my_cpp_pkg' build argument 'cmake_args' from command line to 'None'
[1.861s] Level 5:colcon.colcon_core.verb:set package 'my_cpp_pkg' build argument 'cmake_target' from command line to 'None'
[1.861s] Level 5:colcon.colcon_core.verb:set package 'my_cpp_pkg' build argument 'cmake_target_skip_unavailable' from command line to 'False'
[1.861s] Level 5:colcon.colcon_core.verb:set package 'my_cpp_pkg' build argument 'cmake_clean_cache' from command line to 'False'
[1.862s] Level 5:colcon.colcon_core.verb:set package 'my_cpp_pkg' build argument 'cmake_clean_first' from command line to 'False'
[1.862s] Level 5:colcon.colcon_core.verb:set package 'my_cpp_pkg' build argument 'cmake_force_configure' from command line to 'False'
[1.862s] Level 5:colcon.colcon_core.verb:set package 'my_cpp_pkg' build argument 'ament_cmake_args' from command line to 'None'
[1.863s] Level 5:colcon.colcon_core.verb:set package 'my_cpp_pkg' build argument 'catkin_cmake_args' from command line to 'None'
[1.863s] Level 5:colcon.colcon_core.verb:set package 'my_cpp_pkg' build argument 'catkin_skip_building_tests' from command line to 'False'
[1.863s] DEBUG:colcon.colcon_core.verb:Building package 'my_cpp_pkg' with the following arguments: {'ament_cmake_args': None, 'build_base': '/mnt/c/Users/kamsa/ros2_ws/build/my_cpp_pkg', 'catkin_cmake_args': None, 'catkin_skip_building_tests': False, 'cmake_args': None, 'cmake_clean_cache': False, 'cmake_clean_first': False, 'cmake_force_configure': False, 'cmake_target': None, 'cmake_target_skip_unavailable': False, 'install_base': '/mnt/c/Users/kamsa/ros2_ws/install/my_cpp_pkg', 'merge_install': False, 'path': '/mnt/c/Users/kamsa/ros2_ws/src/my_cpp_pkg', 'symlink_install': False, 'test_result_base': None}
[1.864s] INFO:colcon.colcon_core.executor:Executing jobs using 'parallel' executor
[1.866s] DEBUG:colcon.colcon_parallel_executor.executor.parallel:run_until_complete
[1.867s] INFO:colcon.colcon_ros.task.ament_cmake.build:Building ROS package in '/mnt/c/Users/kamsa/ros2_ws/src/my_cpp_pkg' with build type 'ament_cmake'
[1.867s] INFO:colcon.colcon_cmake.task.cmake.build:Building CMake package in '/mnt/c/Users/kamsa/ros2_ws/src/my_cpp_pkg'
[1.877s] INFO:colcon.colcon_core.plugin_system:Skipping extension 'colcon_core.shell.bat': Not used on non-Windows systems
[1.878s] INFO:colcon.colcon_core.shell:Skip shell extension 'powershell' for command environment: Not usable outside of PowerShell
[1.878s] DEBUG:colcon.colcon_core.shell:Skip shell extension 'dsv' for command environment
[2.019s] DEBUG:colcon.colcon_core.event_handler.log_command:Invoking command in '/mnt/c/Users/kamsa/ros2_ws/build/my_cpp_pkg': CMAKE_PREFIX_PATH=/opt/ros/humble /usr/bin/cmake --build /mnt/c/Users/kamsa/ros2_ws/build/my_cpp_pkg -- -j8 -l8
[40.979s] DEBUG:colcon.colcon_core.event_handler.log_command:Invoked command in '/mnt/c/Users/kamsa/ros2_ws/build/my_cpp_pkg' returned '0': CMAKE_PREFIX_PATH=/opt/ros/humble /usr/bin/cmake --build /mnt/c/Users/kamsa/ros2_ws/build/my_cpp_pkg -- -j8 -l8
[41.071s] DEBUG:colcon.colcon_core.event_handler.log_command:Invoking command in '/mnt/c/Users/kamsa/ros2_ws/build/my_cpp_pkg': CMAKE_PREFIX_PATH=/opt/ros/humble /usr/bin/cmake --install /mnt/c/Users/kamsa/ros2_ws/build/my_cpp_pkg
[43.001s] Level 1:colcon.colcon_core.environment:create_environment_scripts_only(my_cpp_pkg)
[43.005s] DEBUG:colcon.colcon_core.event_handler.log_command:Invoked command in '/mnt/c/Users/kamsa/ros2_ws/build/my_cpp_pkg' returned '0': CMAKE_PREFIX_PATH=/opt/ros/humble /usr/bin/cmake --install /mnt/c/Users/kamsa/ros2_ws/build/my_cpp_pkg
[43.021s] Level 1:colcon.colcon_core.environment:checking '/mnt/c/Users/kamsa/ros2_ws/install/my_cpp_pkg' for CMake module files
[43.280s] Level 1:colcon.colcon_core.environment:checking '/mnt/c/Users/kamsa/ros2_ws/install/my_cpp_pkg' for CMake config files
[43.459s] Level 1:colcon.colcon_core.shell:create_environment_hook('my_cpp_pkg', 'cmake_prefix_path')
[43.460s] INFO:colcon.colcon_core.shell:Creating environment hook '/mnt/c/Users/kamsa/ros2_ws/install/my_cpp_pkg/share/my_cpp_pkg/hook/cmake_prefix_path.ps1'
[43.501s] INFO:colcon.colcon_core.shell:Creating environment descriptor '/mnt/c/Users/kamsa/ros2_ws/install/my_cpp_pkg/share/my_cpp_pkg/hook/cmake_prefix_path.dsv'
[43.543s] INFO:colcon.colcon_core.shell:Creating environment hook '/mnt/c/Users/kamsa/ros2_ws/install/my_cpp_pkg/share/my_cpp_pkg/hook/cmake_prefix_path.sh'
[43.614s] Level 1:colcon.colcon_core.environment:checking '/mnt/c/Users/kamsa/ros2_ws/install/my_cpp_pkg/lib'
[43.633s] Level 1:colcon.colcon_core.environment:checking '/mnt/c/Users/kamsa/ros2_ws/install/my_cpp_pkg/bin'
[43.639s] Level 1:colcon.colcon_core.environment:checking '/mnt/c/Users/kamsa/ros2_ws/install/my_cpp_pkg/lib/pkgconfig/my_cpp_pkg.pc'
[43.647s] Level 1:colcon.colcon_core.environment:checking '/mnt/c/Users/kamsa/ros2_ws/install/my_cpp_pkg/lib/python3.10/site-packages'
[43.655s] Level 1:colcon.colcon_core.environment:checking '/mnt/c/Users/kamsa/ros2_ws/install/my_cpp_pkg/bin'
[43.663s] INFO:colcon.colcon_core.shell:Creating package script '/mnt/c/Users/kamsa/ros2_ws/install/my_cpp_pkg/share/my_cpp_pkg/package.ps1'
[43.715s] INFO:colcon.colcon_core.shell:Creating package descriptor '/mnt/c/Users/kamsa/ros2_ws/install/my_cpp_pkg/share/my_cpp_pkg/package.dsv'
[43.755s] INFO:colcon.colcon_core.shell:Creating package script '/mnt/c/Users/kamsa/ros2_ws/install/my_cpp_pkg/share/my_cpp_pkg/package.sh'
[43.796s] INFO:colcon.colcon_core.shell:Creating package script '/mnt/c/Users/kamsa/ros2_ws/install/my_cpp_pkg/share/my_cpp_pkg/package.bash'
[43.833s] INFO:colcon.colcon_core.shell:Creating package script '/mnt/c/Users/kamsa/ros2_ws/install/my_cpp_pkg/share/my_cpp_pkg/package.zsh'
[43.873s] Level 1:colcon.colcon_core.environment:create_file_with_runtime_dependencies(/mnt/c/Users/kamsa/ros2_ws/install/my_cpp_pkg/share/colcon-core/packages/my_cpp_pkg)
[44.052s] Level 1:colcon.colcon_core.environment:create_environment_scripts_only(my_cpp_pkg)
[44.054s] Level 1:colcon.colcon_core.environment:checking '/mnt/c/Users/kamsa/ros2_ws/install/my_cpp_pkg' for CMake module files
[44.354s] Level 1:colcon.colcon_core.environment:checking '/mnt/c/Users/kamsa/ros2_ws/install/my_cpp_pkg' for CMake config files
[44.541s] Level 1:colcon.colcon_core.shell:create_environment_hook('my_cpp_pkg', 'cmake_prefix_path')
[44.542s] INFO:colcon.colcon_core.shell:Creating environment hook '/mnt/c/Users/kamsa/ros2_ws/install/my_cpp_pkg/share/my_cpp_pkg/hook/cmake_prefix_path.ps1'
[44.587s] INFO:colcon.colcon_core.shell:Creating environment descriptor '/mnt/c/Users/kamsa/ros2_ws/install/my_cpp_pkg/share/my_cpp_pkg/hook/cmake_prefix_path.dsv'
[44.657s] INFO:colcon.colcon_core.shell:Creating environment hook '/mnt/c/Users/kamsa/ros2_ws/install/my_cpp_pkg/share/my_cpp_pkg/hook/cmake_prefix_path.sh'
[44.739s] Level 1:colcon.colcon_core.environment:checking '/mnt/c/Users/kamsa/ros2_ws/install/my_cpp_pkg/lib'
[44.751s] Level 1:colcon.colcon_core.environment:checking '/mnt/c/Users/kamsa/ros2_ws/install/my_cpp_pkg/bin'
[44.756s] Level 1:colcon.colcon_core.environment:checking '/mnt/c/Users/kamsa/ros2_ws/install/my_cpp_pkg/lib/pkgconfig/my_cpp_pkg.pc'
[44.761s] Level 1:colcon.colcon_core.environment:checking '/mnt/c/Users/kamsa/ros2_ws/install/my_cpp_pkg/lib/python3.10/site-packages'
[44.769s] Level 1:colcon.colcon_core.environment:checking '/mnt/c/Users/kamsa/ros2_ws/install/my_cpp_pkg/bin'
[44.774s] INFO:colcon.colcon_core.shell:Creating package script '/mnt/c/Users/kamsa/ros2_ws/install/my_cpp_pkg/share/my_cpp_pkg/package.ps1'
[44.814s] INFO:colcon.colcon_core.shell:Creating package descriptor '/mnt/c/Users/kamsa/ros2_ws/install/my_cpp_pkg/share/my_cpp_pkg/package.dsv'
[44.850s] INFO:colcon.colcon_core.shell:Creating package script '/mnt/c/Users/kamsa/ros2_ws/install/my_cpp_pkg/share/my_cpp_pkg/package.sh'
[44.893s] INFO:colcon.colcon_core.shell:Creating package script '/mnt/c/Users/kamsa/ros2_ws/install/my_cpp_pkg/share/my_cpp_pkg/package.bash'
[44.929s] INFO:colcon.colcon_core.shell:Creating package script '/mnt/c/Users/kamsa/ros2_ws/install/my_cpp_pkg/share/my_cpp_pkg/package.zsh'
[44.983s] Level 1:colcon.colcon_core.environment:create_file_with_runtime_dependencies(/mnt/c/Users/kamsa/ros2_ws/install/my_cpp_pkg/share/colcon-core/packages/my_cpp_pkg)
[45.030s] DEBUG:colcon.colcon_parallel_executor.executor.parallel:closing loop
[45.031s] DEBUG:colcon.colcon_parallel_executor.executor.parallel:loop closed
[45.032s] DEBUG:colcon.colcon_parallel_executor.executor.parallel:run_until_complete finished with '0'
[45.032s] DEBUG:colcon.colcon_core.event_reactor:joining thread
[45.508s] INFO:colcon.colcon_core.plugin_system:Skipping extension 'colcon_notification.desktop_notification.notify_send': Could not find 'notify-send'
[45.510s] INFO:colcon.colcon_core.plugin_system:Skipping extension 'colcon_notification.desktop_notification.terminal_notifier': Not used on non-Darwin systems
[45.511s] INFO:colcon.colcon_core.plugin_system:Skipping extension 'colcon_notification.desktop_notification.win32': Not used on non-Windows systems
[45.512s] INFO:colcon.colcon_notification.desktop_notification:Sending desktop notification using 'notify2'
[45.520s] DEBUG:colcon.colcon_notification.desktop_notification.notify2:Failed to initialize notify2: org.freedesktop.DBus.Error.ServiceUnknown: The name org.freedesktop.Notifications was not provided by any .service files
[45.521s] DEBUG:colcon.colcon_core.event_reactor:joined thread
[45.523s] INFO:colcon.colcon_core.shell:Creating prefix script '/mnt/c/Users/kamsa/ros2_ws/install/local_setup.ps1'
[45.546s] INFO:colcon.colcon_core.shell:Creating prefix util module '/mnt/c/Users/kamsa/ros2_ws/install/_local_setup_util_ps1.py'
[45.558s] INFO:colcon.colcon_core.shell:Creating prefix chain script '/mnt/c/Users/kamsa/ros2_ws/install/setup.ps1'
[45.569s] INFO:colcon.colcon_core.shell:Creating prefix script '/mnt/c/Users/kamsa/ros2_ws/install/local_setup.sh'
[45.579s] INFO:colcon.colcon_core.shell:Creating prefix util module '/mnt/c/Users/kamsa/ros2_ws/install/_local_setup_util_sh.py'
[45.588s] INFO:colcon.colcon_core.shell:Creating prefix chain script '/mnt/c/Users/kamsa/ros2_ws/install/setup.sh'
[45.599s] INFO:colcon.colcon_core.shell:Creating prefix script '/mnt/c/Users/kamsa/ros2_ws/install/local_setup.bash'
[45.610s] INFO:colcon.colcon_core.shell:Creating prefix chain script '/mnt/c/Users/kamsa/ros2_ws/install/setup.bash'
[45.620s] INFO:colcon.colcon_core.shell:Creating prefix script '/mnt/c/Users/kamsa/ros2_ws/install/local_setup.zsh'
[45.630s] INFO:colcon.colcon_core.shell:Creating prefix chain script '/mnt/c/Users/kamsa/ros2_ws/install/setup.zsh'
