[0.318s] Invoking command in '/mnt/c/Users/kamsa/ros2_ws/build/my_cpp_pkg': CMAKE_PREFIX_PATH=/opt/ros/humble /usr/bin/cmake /mnt/c/Users/kamsa/ros2_ws/src/my_cpp_pkg -DCMAKE_INSTALL_PREFIX=/mnt/c/Users/kamsa/ros2_ws/install/my_cpp_pkg
[1.291s] -- The C compiler identification is GNU 11.4.0
[3.342s] -- The CXX compiler identification is GNU 11.4.0
[5.026s] -- Detecting C compiler ABI info
[6.429s] -- Detecting C compiler ABI info - done
[6.481s] -- Check for working C compiler: /usr/bin/cc - skipped
[6.485s] -- Detecting C compile features
[6.487s] -- Detecting C compile features - done
[6.621s] -- Detecting CXX compiler ABI info
[8.233s] -- Detecting CXX compiler ABI info - done
[8.296s] -- Check for working CXX compiler: /usr/bin/c++ - skipped
[8.301s] -- Detecting CXX compile features
[8.303s] -- Detecting CXX compile features - done
[8.442s] -- Found ament_cmake: 1.3.10 (/opt/ros/humble/share/ament_cmake/cmake)
[8.665s] -- Found Python3: /usr/bin/python3 (found version "3.10.12") found components: Interpreter 
[8.955s] -- Found rclcpp: 16.0.10 (/opt/ros/humble/share/rclcpp/cmake)
[9.493s] -- Found rosidl_generator_c: 3.1.5 (/opt/ros/humble/share/rosidl_generator_c/cmake)
[9.503s] -- Found rosidl_adapter: 3.1.5 (/opt/ros/humble/share/rosidl_adapter/cmake)
[9.519s] -- Found rosidl_generator_cpp: 3.1.5 (/opt/ros/humble/share/rosidl_generator_cpp/cmake)
[9.548s] -- Using all available rosidl_typesupport_c: rosidl_typesupport_fastrtps_c;rosidl_typesupport_introspection_c
[9.579s] -- Using all available rosidl_typesupport_cpp: rosidl_typesupport_fastrtps_cpp;rosidl_typesupport_introspection_cpp
[9.667s] -- Found rmw_implementation_cmake: 6.1.2 (/opt/ros/humble/share/rmw_implementation_cmake/cmake)
[9.675s] -- Found rmw_fastrtps_cpp: 6.2.7 (/opt/ros/humble/share/rmw_fastrtps_cpp/cmake)
[16.227s] -- Found OpenSSL: /usr/lib/x86_64-linux-gnu/libcrypto.so (found version "3.0.2")  
[22.040s] -- Found FastRTPS: /opt/ros/humble/include  
[34.215s] -- Using RMW implementation 'rmw_fastrtps_cpp' as default
[34.316s] -- Looking for pthread.h
[35.962s] -- Looking for pthread.h - found
[35.986s] -- Performing Test CMAKE_HAVE_LIBC_PTHREAD
[37.846s] -- Performing Test CMAKE_HAVE_LIBC_PTHREAD - Success
[37.859s] -- Found Threads: TRUE  
[38.022s] -- Found ament_lint_auto: 0.12.11 (/opt/ros/humble/share/ament_lint_auto/cmake)
[39.957s] -- Added test 'lint_cmake' to check CMake code style
[40.766s] -- Added test 'xmllint' to check XML markup files
[41.136s] -- Configuring done
[41.864s] -- Generating done
[42.192s] -- Build files have been written to: /mnt/c/Users/kamsa/ros2_ws/build/my_cpp_pkg
[42.223s] Invoked command in '/mnt/c/Users/kamsa/ros2_ws/build/my_cpp_pkg' returned '0': CMAKE_PREFIX_PATH=/opt/ros/humble /usr/bin/cmake /mnt/c/Users/kamsa/ros2_ws/src/my_cpp_pkg -DCMAKE_INSTALL_PREFIX=/mnt/c/Users/kamsa/ros2_ws/install/my_cpp_pkg
[42.264s] Invoking command in '/mnt/c/Users/kamsa/ros2_ws/build/my_cpp_pkg': CMAKE_PREFIX_PATH=/opt/ros/humble /usr/bin/cmake --build /mnt/c/Users/kamsa/ros2_ws/build/my_cpp_pkg -- -j8 -l8
[42.551s] Invoked command in '/mnt/c/Users/kamsa/ros2_ws/build/my_cpp_pkg' returned '0': CMAKE_PREFIX_PATH=/opt/ros/humble /usr/bin/cmake --build /mnt/c/Users/kamsa/ros2_ws/build/my_cpp_pkg -- -j8 -l8
[42.670s] Invoking command in '/mnt/c/Users/kamsa/ros2_ws/build/my_cpp_pkg': CMAKE_PREFIX_PATH=/opt/ros/humble /usr/bin/cmake --install /mnt/c/Users/kamsa/ros2_ws/build/my_cpp_pkg
[42.691s] -- Install configuration: ""
[42.822s] -- Installing: /mnt/c/Users/kamsa/ros2_ws/install/my_cpp_pkg/share/ament_index/resource_index/package_run_dependencies/my_cpp_pkg
[43.258s] -- Installing: /mnt/c/Users/kamsa/ros2_ws/install/my_cpp_pkg/share/ament_index/resource_index/parent_prefix_path/my_cpp_pkg
[43.685s] -- Installing: /mnt/c/Users/kamsa/ros2_ws/install/my_cpp_pkg/share/my_cpp_pkg/environment/ament_prefix_path.sh
[43.881s] -- Installing: /mnt/c/Users/kamsa/ros2_ws/install/my_cpp_pkg/share/my_cpp_pkg/environment/ament_prefix_path.dsv
[44.084s] -- Installing: /mnt/c/Users/kamsa/ros2_ws/install/my_cpp_pkg/share/my_cpp_pkg/environment/path.sh
[44.255s] -- Installing: /mnt/c/Users/kamsa/ros2_ws/install/my_cpp_pkg/share/my_cpp_pkg/environment/path.dsv
[44.441s] -- Installing: /mnt/c/Users/kamsa/ros2_ws/install/my_cpp_pkg/share/my_cpp_pkg/local_setup.bash
[44.594s] -- Installing: /mnt/c/Users/kamsa/ros2_ws/install/my_cpp_pkg/share/my_cpp_pkg/local_setup.sh
[44.744s] -- Installing: /mnt/c/Users/kamsa/ros2_ws/install/my_cpp_pkg/share/my_cpp_pkg/local_setup.zsh
[44.894s] -- Installing: /mnt/c/Users/kamsa/ros2_ws/install/my_cpp_pkg/share/my_cpp_pkg/local_setup.dsv
[45.035s] -- Installing: /mnt/c/Users/kamsa/ros2_ws/install/my_cpp_pkg/share/my_cpp_pkg/package.dsv
[45.217s] -- Installing: /mnt/c/Users/kamsa/ros2_ws/install/my_cpp_pkg/share/ament_index/resource_index/packages/my_cpp_pkg
[45.470s] -- Installing: /mnt/c/Users/kamsa/ros2_ws/install/my_cpp_pkg/share/my_cpp_pkg/cmake/my_cpp_pkgConfig.cmake
[45.663s] -- Installing: /mnt/c/Users/kamsa/ros2_ws/install/my_cpp_pkg/share/my_cpp_pkg/cmake/my_cpp_pkgConfig-version.cmake
[45.915s] -- Installing: /mnt/c/Users/kamsa/ros2_ws/install/my_cpp_pkg/share/my_cpp_pkg/package.xml
[46.040s] Invoked command in '/mnt/c/Users/kamsa/ros2_ws/build/my_cpp_pkg' returned '0': CMAKE_PREFIX_PATH=/opt/ros/humble /usr/bin/cmake --install /mnt/c/Users/kamsa/ros2_ws/build/my_cpp_pkg
