[3.426s] Invoking command in '/mnt/c/Users/kamsa/ros2_ws/src/my_py_pkg': PYTHONPATH=/mnt/c/Users/kamsa/ros2_ws/build/my_py_pkg/prefix_override:/usr/lib/python3/dist-packages/colcon_core/task/python/colcon_distutils_commands:/mnt/c/Users/kamsa/ros2_ws/install/my_py_pkg/lib/python3.10/site-packages:${PYTHONPATH} /usr/bin/python3 -W ignore:setup.py install is deprecated setup.py egg_info --egg-base ../../build/my_py_pkg build --build-base /mnt/c/Users/kamsa/ros2_ws/build/my_py_pkg/build install --record /mnt/c/Users/kamsa/ros2_ws/build/my_py_pkg/install.log --single-version-externally-managed install_data
[5.261s] running egg_info
[5.272s] creating ../../build/my_py_pkg/my_py_pkg.egg-info
[5.280s] writing ../../build/my_py_pkg/my_py_pkg.egg-info/PKG-INFO
[5.301s] writing dependency_links to ../../build/my_py_pkg/my_py_pkg.egg-info/dependency_links.txt
[5.316s] writing entry points to ../../build/my_py_pkg/my_py_pkg.egg-info/entry_points.txt
[5.326s] writing requirements to ../../build/my_py_pkg/my_py_pkg.egg-info/requires.txt
[5.331s] writing top-level names to ../../build/my_py_pkg/my_py_pkg.egg-info/top_level.txt
[5.345s] writing manifest file '../../build/my_py_pkg/my_py_pkg.egg-info/SOURCES.txt'
[5.412s] reading manifest file '../../build/my_py_pkg/my_py_pkg.egg-info/SOURCES.txt'
[5.587s] writing manifest file '../../build/my_py_pkg/my_py_pkg.egg-info/SOURCES.txt'
[5.597s] running build
[5.598s] running build_py
[5.610s] creating /mnt/c/Users/kamsa/ros2_ws/build/my_py_pkg/build
[5.612s] creating /mnt/c/Users/kamsa/ros2_ws/build/my_py_pkg/build/lib
[5.617s] creating /mnt/c/Users/kamsa/ros2_ws/build/my_py_pkg/build/lib/my_py_pkg
[5.645s] copying my_py_pkg/__init__.py -> /mnt/c/Users/kamsa/ros2_ws/build/my_py_pkg/build/lib/my_py_pkg
[5.684s] running install
[5.686s] running install_lib
[5.732s] creating /mnt/c/Users/kamsa/ros2_ws/install/my_py_pkg/lib/python3.10/site-packages/my_py_pkg
[5.771s] copying /mnt/c/Users/kamsa/ros2_ws/build/my_py_pkg/build/lib/my_py_pkg/__init__.py -> /mnt/c/Users/kamsa/ros2_ws/install/my_py_pkg/lib/python3.10/site-packages/my_py_pkg
[5.844s] byte-compiling /mnt/c/Users/kamsa/ros2_ws/install/my_py_pkg/lib/python3.10/site-packages/my_py_pkg/__init__.py to __init__.cpython-310.pyc
[5.924s] running install_data
[5.943s] creating /mnt/c/Users/kamsa/ros2_ws/install/my_py_pkg/share/ament_index
[5.951s] creating /mnt/c/Users/kamsa/ros2_ws/install/my_py_pkg/share/ament_index/resource_index
[5.956s] creating /mnt/c/Users/kamsa/ros2_ws/install/my_py_pkg/share/ament_index/resource_index/packages
[5.987s] copying resource/my_py_pkg -> /mnt/c/Users/kamsa/ros2_ws/install/my_py_pkg/share/ament_index/resource_index/packages
[6.038s] copying package.xml -> /mnt/c/Users/kamsa/ros2_ws/install/my_py_pkg/share/my_py_pkg
[6.071s] running install_egg_info
[6.109s] Copying ../../build/my_py_pkg/my_py_pkg.egg-info to /mnt/c/Users/kamsa/ros2_ws/install/my_py_pkg/lib/python3.10/site-packages/my_py_pkg-0.0.0-py3.10.egg-info
[6.900s] running install_scripts
[7.184s] writing list of installed files to '/mnt/c/Users/kamsa/ros2_ws/build/my_py_pkg/install.log'
[7.239s] Invoked command in '/mnt/c/Users/kamsa/ros2_ws/src/my_py_pkg' returned '0': PYTHONPATH=/mnt/c/Users/kamsa/ros2_ws/build/my_py_pkg/prefix_override:/usr/lib/python3/dist-packages/colcon_core/task/python/colcon_distutils_commands:/mnt/c/Users/kamsa/ros2_ws/install/my_py_pkg/lib/python3.10/site-packages:${PYTHONPATH} /usr/bin/python3 -W ignore:setup.py install is deprecated setup.py egg_info --egg-base ../../build/my_py_pkg build --build-base /mnt/c/Users/kamsa/ros2_ws/build/my_py_pkg/build install --record /mnt/c/Users/kamsa/ros2_ws/build/my_py_pkg/install.log --single-version-externally-managed install_data
